0 info it worked if it ends with ok
1 verbose cli [ '/usr/local/bin/node', '/usr/local/bin/npm', 'run', 'build' ]
2 info using npm@3.10.9
3 info using node@v6.9.2
4 verbose run-script [ 'prebuild', 'build', 'postbuild' ]
5 info lifecycle @nodeframe/seneca@2.1.2~prebuild: @nodeframe/seneca@2.1.2
6 silly lifecycle @nodeframe/seneca@2.1.2~prebuild: no script for prebuild, continuing
7 info lifecycle @nodeframe/seneca@2.1.2~build: @nodeframe/seneca@2.1.2
8 verbose lifecycle @nodeframe/seneca@2.1.2~build: unsafe-perm in lifecycle true
9 verbose lifecycle @nodeframe/seneca@2.1.2~build: PATH: /usr/local/lib/node_modules/npm/bin/node-gyp-bin:/Users/thakerng/Desktop/rentspree/nfs-seneca/node_modules/.bin:/Users/thakerng/local/darwin-amd64:/usr/local/opt/swift/bin:/Users/thakerng/google-cloud-sdk/bin:/usr/local/bin:/usr/bin:/bin:/usr/sbin:/sbin:/usr/local/share/dotnet
10 verbose lifecycle @nodeframe/seneca@2.1.2~build: CWD: /Users/thakerng/Desktop/rentspree/nfs-seneca
11 silly lifecycle @nodeframe/seneca@2.1.2~build: Args: [ '-c',
11 silly lifecycle   'rm -rf libs/** && node_modules/.bin/babel src/ -d libs -s' ]
12 info lifecycle @nodeframe/seneca@2.1.2~build: Failed to exec build script
13 verbose stack Error: @nodeframe/seneca@2.1.2 build: `rm -rf libs/** && node_modules/.bin/babel src/ -d libs -s`
13 verbose stack spawn ENOENT
13 verbose stack     at ChildProcess.<anonymous> (/usr/local/lib/node_modules/npm/lib/utils/spawn.js:33:16)
13 verbose stack     at emitTwo (events.js:106:13)
13 verbose stack     at ChildProcess.emit (events.js:191:7)
13 verbose stack     at maybeClose (internal/child_process.js:877:16)
13 verbose stack     at Process.ChildProcess._handle.onexit (internal/child_process.js:226:5)
14 verbose pkgid @nodeframe/seneca@2.1.2
15 verbose cwd /Users/thakerng/Desktop/rentspree/nfs-seneca
16 error Darwin 16.5.0
17 error argv "/usr/local/bin/node" "/usr/local/bin/npm" "run" "build"
18 error node v6.9.2
19 error npm  v3.10.9
20 error file sh
21 error code ELIFECYCLE
22 error errno ENOENT
23 error syscall spawn
24 error @nodeframe/seneca@2.1.2 build: `rm -rf libs/** && node_modules/.bin/babel src/ -d libs -s`
24 error spawn ENOENT
25 error Failed at the @nodeframe/seneca@2.1.2 build script 'rm -rf libs/** && node_modules/.bin/babel src/ -d libs -s'.
25 error Make sure you have the latest version of node.js and npm installed.
25 error If you do, this is most likely a problem with the @nodeframe/seneca package,
25 error not with npm itself.
25 error Tell the author that this fails on your system:
25 error     rm -rf libs/** && node_modules/.bin/babel src/ -d libs -s
25 error You can get information on how to open an issue for this project with:
25 error     npm bugs @nodeframe/seneca
25 error Or if that isn't available, you can get their info via:
25 error     npm owner ls @nodeframe/seneca
25 error There is likely additional logging output above.
26 verbose exit [ 1, true ]
